Iteration				Integer Solution(theta(x))			L(delta)			Integral Gap
         1			  -54506.031885  				       828.694670934   			55334.7265559
         2			   -36228.18036  				       713.882749795   			36942.0631098
         3			  -33062.604551  				       636.236862594   			33698.8414136
         4			  -23983.252778  				       582.229528327   			24565.4823063
         5			  -22562.845018  				        544.37345426   			23107.2184723
         6			  -19453.926932  				       513.502367955   			19967.4293
         7			  -17848.046717  				       486.761077368   			18334.8077944
         8			  -13733.083604  				       463.379658923   			14196.4632629
         9			  -10451.485033  				        442.66530542   			10894.1503384
        10			   -8464.779425  				       426.111726614   			8890.89115161
        11			  -10894.777427  				       412.177041433   			11306.9544684
        12			   -9000.065282  				       400.365964126   			9400.43124613
        13			    -5938.52707  				       390.052664203   			6328.5797342
        14			    -4765.23683  				       380.638471943   			5145.87530194
        15			   -4799.506982  				       372.367580044   			5171.87456204
        16			   -3487.830145  				       364.826798773   			3852.65694377
        17			   -3482.986996  				       357.907325244   			3840.89432124
        18			   -3274.797874  				       351.478477632   			3626.27635163
        19			   -1845.315408  				       345.296855702   			2190.6122637
        20			   -1949.669616  				       339.090484851   			2288.76010085
        21			   -1912.321141  				       333.040148581   			2245.36128958
        22			   -1987.840563  				       327.648600499   			2315.4891635
        23			    -2302.12793  				       322.777453971   			2624.90538397
        24			   -3359.143234  				       318.467709872   			3677.61094387
        25			    -3348.82665  				       314.351090234   			3663.17774023
        26			    -706.827035  				       310.625388203   			1017.4524232
        27			     -673.96139  				        307.14450027   			981.10589027
        28			    -669.893192  				       303.837082002   			973.730274002
        29			    -637.911001  				       300.579236724   			938.490237724
        30			    -687.263844  				       297.424943185   			984.688787185
        31			    -540.429116  				       294.585112225   			835.014228225
        32			   -1075.159652  				       291.859931483   			1367.01958348
        33			   -1105.994747  				       289.235282414   			1395.23002941
        34			   -1266.787127  				       286.695647559   			1553.48277456
        35			   -1281.656128  				       284.339012918   			1565.99514092
        36			   -1200.556183  				        281.95407989   			1482.51026289
        37			   -1190.543848  				       279.628635698   			1470.1724837
        38			    -1069.42448  				       277.877167419   			1347.30164742
        39			    -842.949591  				       276.458163283   			1119.40775428
        40			     -841.83423  				       275.154232823   			1116.98846282
        41			    -824.734811  				       273.964616942   			1098.69942794
        42			     -805.71118  				       272.907718856   			1078.61889886
        43			    -805.961183  				        271.97274587   			1077.93392887
        44			    -583.227088  				       271.151680206   			854.378768206
        45			    -630.147145  				       270.401895412   			900.549040412
        46			    -628.764119  				       269.685779789   			898.449898789
        47			    -601.399946  				       269.035508587   			870.435454587
        48			    -601.443022  				       268.419980019   			869.863002019
        49			    -632.252096  				       267.852742284   			900.104838284
        50			    -632.247422  				       267.319846759   			899.567268759
        51			    -632.247422  				       266.814543499   			899.061965499
        52			    -167.347993  				       266.336071923   			433.684064923
        53			    -167.347993  				        265.88831408   			433.23630708
        54			    -133.678108  				       265.456258593   			399.134366593
        55			    -161.463133  				       265.046077776   			426.509210776
        56			    -161.463133  				       264.664650721   			426.127783721
        57			    -161.704367  				        264.30801865   			426.01238565
        58			    -133.372077  				       263.964200002   			397.336277002
        59			    -133.372077  				        263.63120888   			397.00328588
        60			    -131.381836  				       263.315420953   			394.697256953
        61			    -131.381836  				         263.0114911   			394.3933271
        62			     -131.35899  				       262.715691196   			394.074681196
        63			     -131.35899  				       262.434476079   			393.793466079
        64			    -593.818138  				       262.162652526   			855.980790526
        65			    -603.138604  				       261.908936771   			865.047540771
        66			    -603.138604  				       261.677698611   			864.816302611
        67			    -627.951164  				       261.449622106   			889.400786106
        68			    -629.921296  				       261.241747058   			891.163043058
        69			    -630.010954  				       261.040052456   			891.051006456
        70			    -647.340491  				       260.856372972   			908.196863972
        71			      53.054035  				       260.685986489   			207.631951489
        72			      47.612329  				       260.557855878   			212.945526878
        73			      47.612329  				       260.439689949   			212.827360949
        74			      47.617003  				       260.346381622   			212.729378622
        75			       38.94772  				       260.262337936   			221.314617936
        76			       35.26912  				       260.188812855   			224.919692855
        77			       47.31696  				       260.119600066   			212.802640066
        78			       47.31696  				       260.052731586   			212.735771586
        79			      81.955698  				       259.989012836   			178.033314836
        80			      91.276164  				       259.930277312   			168.654113312
        81			      91.276164  				       259.873199083   			168.597035083
        82			      91.276164  				       259.813479805   			168.537315805
        83			      46.600963  				       259.754410981   			213.153447981
        84			      46.600963  				        259.69793084   			213.09696784
        85			      56.958244  				       259.644871014   			202.686627014
        86			       56.95357  				        259.59816136   			202.64459136
        87			      57.088119  				       259.556084192   			202.467965192
        88			      51.446253  				       259.522300622   			208.076047622
        89			      51.418733  				       259.489992798   			208.071259798
        90			      51.418733  				        259.45851788   			208.03978488
        91			      51.418733  				       259.428109437   			208.009376437
        92			      51.418733  				       259.399442909   			207.980709909
        93			      51.418733  				       259.372844611   			207.954111611
        94			      88.382961  				       259.347608588   			170.964647588
        95			     150.286812  				       259.322871006   			109.036059006
        96			     149.437069  				        259.30046842   			109.86339942
        97			     149.437069  				       259.278932059   			109.841863059
        98			     149.437069  				       259.259109848   			109.822040848
        99			     149.437069  				       259.240855378   			109.803786378
       100			     149.437069  				       259.223149683   			109.786080683
       101			     160.316741  				       259.206600167   			98.8898591669
       102			      178.38726  				       259.191521021   			80.804261021
       103			      178.38726  				       259.176907598   			80.7896475979
       104			      178.38726  				        259.16264815   			80.7753881498
       105			      178.41478  				       259.148911612   			80.734131612
       106			      178.41478  				       259.135578383   			80.7207983828
       107			      178.41478  				       259.122667633   			80.7078876326
       108			      178.41478  				       259.110328309   			80.6955483089
       109			     178.425988  				       259.098699257   			80.6727112569
       110			     179.635095  				       259.088049817   			79.4529548172
       111			     179.635095  				       259.077949366   			79.4428543659
       112			     179.635095  				       259.068616426   			79.4335214259
       113			     179.635095  				       259.060073045   			79.4249780452
       114			     179.635095  				        259.05224779   			79.4171527905
       115			     179.635095  				       259.045060843   			79.409965843
       116			     179.635095  				        259.03842958   			79.4033345796
       117			     179.635095  				       259.032201679   			79.3971066792
       118			     179.635095  				       259.025996376   			79.3909013763
       119			     179.635095  				       259.019818876   			79.3847238763
       120			     179.635095  				       259.013671995   			79.3785769951
       121			     179.635095  				       259.007592021   			79.3724970212
       122			     179.635095  				       259.001540497   			79.366445497
       123			     179.635095  				       258.995465916   			79.3603709161
       124			     179.635095  				       258.989411616   			79.3543166161
       125			     179.635095  				       258.983379077   			79.3482840768
       126			     179.635095  				       258.977377504   			79.3422825037
       127			     179.635095  				       258.971398236   			79.3363032363
       128			     179.635095  				       258.965441718   			79.3303467185
       129			     179.635095  				       258.959518203   			79.3244232029
       130			     179.635095  				       258.953626026   			79.3185310262
       131			     179.635095  				       258.947768748   			79.3126737477
       132			     179.635095  				       258.941952305   			79.3068573051
       133			     179.635095  				       258.936184822   			79.3010898218
       134			     179.635095  				       258.930420794   			79.2953257943
       135			     179.635095  				       258.924702916   			79.2896079162
       136			     179.635095  				       258.919023887   			79.2839288873
       137			     179.635095  				       258.913376119   			79.2782811193
       138			     179.635095  				       258.907774179   			79.2726791791
       139			     179.635095  				       258.902212179   			79.2671171787
       140			     179.635095  				       258.896692567   			79.2615975666
       141			     179.635095  				       258.891226823   			79.2561318231
       142			     179.635095  				       258.885803404   			79.2507084036
       143			     179.635095  				       258.880407844   			79.2453128441
       144			     179.635095  				       258.875052208   			79.2399572085
       145			     179.635095  				       258.869711845   			79.2346168452
       146			     179.635095  				       258.864397012   			79.229302012
       147			     179.635095  				       258.859108968   			79.2240139681
       148			     179.635095  				       258.853846789   			79.2187517892
       149			     179.635095  				       258.848610131   			79.2135151315
       150			     179.635095  				       258.843399279   			79.2083042792
       151			     179.635095  				       258.838213009   			79.2031180087
       152			     179.635095  				        258.83305079   			79.1979557901
       153			     179.635095  				       258.827912136   			79.1928171365
       154			     179.635095  				       258.822796508   			79.1877015077
       155			     179.635095  				        258.81770684   			79.1826118396
       156			     179.635095  				       258.812637759   			79.177542759
       157			     179.635095  				       258.807588195   			79.1724931954
       158			     179.635095  				       258.802559947   			79.1674649472
       159			     179.635095  				       258.797551348   			79.1624563484
       160			     179.635095  				       258.792562219   			79.1574672188
       161			     179.635095  				       258.787592047   			79.1524970466
       162			     179.635095  				       258.782640053   			79.1475450528
       163			     179.635095  				       258.777705414   			79.1426104136
       164			     179.635095  				       258.772787597   			79.137692597
       165			     179.635095  				       258.767885813   			79.1327908125
       166			     179.635095  				       258.762999922   			79.1279049225
       167			     179.635095  				       258.758129425   			79.1230344252
       168			     179.635095  				        258.75327088   			79.1181758797
       169			     179.635095  				       258.748425457   			79.1133304566
       170			     179.635095  				       258.743592561   			79.1084975606
       171			     179.635095  				       258.738771538   			79.1036765376
       172			     179.635095  				       258.733961919   			79.098866919
       173			     179.635095  				       258.729163175   			79.0940681746
       174			     179.635095  				       258.724374945   			79.0892799454
       175			     179.635095  				       258.719596192   			79.0845011924
       176			     179.635095  				       258.714826795   			79.0797317947
       177			     179.635095  				        258.71006629   			79.0749712903
       178			     179.635095  				        258.70531515   			79.0702201502
       179			     179.635095  				       258.700570914   			79.0654759138
       180			     179.635095  				       258.695834022   			79.0607390221
       181			     179.635095  				       258.691104102   			79.0560091018
       182			     179.635095  				       258.686380434   			79.0512854335
       183			     179.635095  				       258.681662697   			79.0465676974
       184			     179.635095  				       258.676950531   			79.0418555311
       185			     179.635095  				       258.672243674   			79.0371486741
       186			     179.635095  				       258.667541852   			79.0324468517
       187			     179.635095  				       258.662844888   			79.0277498881
       188			     179.635095  				       258.658152665   			79.0230576649
       189			     179.635095  				       258.653465407   			79.0183704072
       190			     179.635095  				       258.648782774   			79.0136877744
       191			     179.635095  				       258.644104429   			79.0090094286
       192			     179.635095  				       258.639430749   			79.0043357494
       193			     179.635095  				       258.634761774   			78.9996667744
       194			     179.635095  				         258.6300976   			78.9950026004
       195			     179.635095  				        258.62543842   			78.9903434198
       196			     179.635095  				       258.620784514   			78.9856895142
       197			     179.635095  				       258.616136319   			78.9810413188
       198			     179.635095  				       258.611494459   			78.9763994588
       199			     179.635095  				       258.606859796   			78.971764796
       200			     179.635095  				         258.6022336   			78.9671386004
       201			     179.635095  				       258.597617456   			78.9625224559
       202			     179.635095  				       258.593013422   			78.957918422
       203			     179.635095  				       258.588424405   			78.9533294048
       204			     179.635095  				       258.583853526   			78.9487585259
       205			     179.635095  				       258.579303968   			78.9442089679
       206			     179.635095  				       258.574778754   			78.9396837539
       207			     179.635095  				       258.570280064   			78.935185064
       208			     179.635095  				        258.56580972   			78.9307147203
       209			     179.635095  				       258.561368679   			78.9262736795
       210			     179.635095  				       258.556957157   			78.9218621573
       211			     179.635095  				       258.552574734   			78.917479734
       212			     179.635095  				       258.548220516   			78.9131255158
       213			     179.635095  				        258.54389305   			78.90879805
       214			     179.635095  				        258.53959083   			78.9044958297
       215			     179.635095  				       258.535312145   			78.9002171452
       216			     179.635095  				       258.531055263   			78.8959602627
       217			     179.635095  				       258.526818511   			78.8917235114
       218			     179.635095  				       258.522600341   			78.8875053408
       219			     179.635095  				       258.518399367   			78.883304367
       220			     179.635095  				       258.514214427   			78.8791194275
       221			     179.635095  				       258.510044456   			78.8749494558
       222			     179.635095  				       258.505888744   			78.8707937445
       223			     179.635095  				       258.501746538   			78.866651538
       224			     179.635095  				       258.497617364   			78.8625223636
       225			     179.635095  				       258.493500831   			78.8584058309
       226			     179.635095  				        258.48939662   			78.8543016198
       227			     179.635095  				       258.485304448   			78.8502094476
       228			     179.635095  				       258.481224053   			78.8461290525
       229			     179.635095  				       258.477155181   			78.8420601814
       230			     179.635095  				       258.473097581   			78.8380025809
       231			     179.635095  				       258.469050995   			78.8339559951
       232			     179.635095  				       258.465015165   			78.8299201655
       233			     179.635095  				       258.460989834   			78.8258948337
       234			     179.635095  				        258.45697475   			78.8218797499
       235			     179.635095  				        258.45296966   			78.81787466
       236			     179.635095  				       258.448974316   			78.8138793159
       237			     179.635095  				        258.44498849   			78.8098934897
       238			     179.635095  				       258.441011989   			78.8059169888
       239			     179.635095  				       258.437044545   			78.801949545
       240			     179.635095  				       258.433085963   			78.7979909633
       241			     179.635095  				       258.429136038   			78.7940410383
       242			     179.635095  				       258.425194584   			78.7900995836
       243			     179.635095  				       258.421261408   			78.7861664082
       244			     179.635095  				       258.417336327   			78.7822413267
       245			     179.635095  				       258.413419159   			78.7783241594
       246			     179.635095  				       258.409509733   			78.7744147335
       247			     179.635095  				       258.405607872   			78.7705128719
       248			     179.635095  				       258.401713415   			78.7666184148
       249			     179.635095  				       258.397826205   			78.7627312048
       250			     179.635095  				       258.393946091   			78.758851091
       251			     179.635095  				       258.390072929   			78.7549779291
       252			     179.635095  				       258.386206582   			78.7511115823
       253			     179.635095  				       258.382346922   			78.7472519216
       254			     179.635095  				       258.378493842   			78.7433988421
       255			     179.635095  				         258.3746472   			78.7395522001
       256			     179.635095  				         258.3708069   			78.7357119003
       257			     179.635095  				       258.366972848   			78.731877848
       258			     179.635095  				       258.363144949   			78.728049949
       259			     179.635095  				       258.359323127   			78.7242281273
       260			     179.635095  				        258.35550728   			78.7204122799
       261			     179.635095  				       258.351697343   			78.7166023429
       262			     179.635095  				       258.347893245   			78.7127982448
       263			     179.635095  				       258.344094918   			78.7089999181
       264			     179.635095  				       258.340302298   			78.7052072983
       265			     179.635095  				       258.336515323   			78.7014203234
       266			     179.635095  				       258.332733934   			78.6976389339
       267			     179.635095  				       258.328958073   			78.6938630728
       268			     179.635095  				       258.325187685   			78.6900926853
       269			     179.635095  				       258.321422717   			78.6863277174
       270			     179.635095  				       258.317663126   			78.6825681262
       271			     179.635095  				       258.313908856   			78.6788138565
       272			     179.635095  				       258.310159897   			78.6750648968
       273			     179.635095  				       258.306416294   			78.6713212936
       274			     179.635095  				       258.302678195   			78.6675831947
       275			     179.635095  				       258.298945898   			78.663850898
       276			     179.635095  				       258.295219885   			78.6601248854
       277			     179.635095  				       258.291500829   			78.6564058289
       278			     179.635095  				       258.287789568   			78.6526945681
       279			     179.635095  				       258.284087034   			78.6489920343
       280			     179.635095  				       258.280394186   			78.6452991859
       281			     179.635095  				       258.276711917   			78.6416169174
       282			     179.635095  				       258.273040974   			78.6379459739
       283			     179.635095  				       258.269381893   			78.6342868926
       284			     179.635095  				        258.26573497   			78.6306399703
       285			     179.635095  				        258.26210026   			78.6270052597
       286			     179.635095  				       258.258477593   			78.6233825928
       287			     179.635095  				       258.254866605   			78.6197716053
       288			     179.635095  				       258.251266802   			78.6161718024
       289			     179.635095  				       258.247677604   			78.6125826041
       290			     179.635095  				       258.244098391   			78.6090033914
       291			     179.635095  				       258.240528549   			78.6054335493
       292			     179.635095  				       258.236967499   			78.6018724991
       293			     179.635095  				       258.233414722   			78.5983197215
       294			     179.635095  				        258.22986977   			78.59477477
       295			     179.635095  				       258.226332277   			78.5912372766
       296			     179.635095  				       258.222801951   			78.5877069511
       297			     179.635095  				       258.219278577   			78.5841835769
       298			     179.635095  				       258.215762004   			78.5806670036
       299			     179.635095  				       258.212252125   			78.5771571248
       300			     179.635095  				       258.208748889   			78.573653889
       301			     179.635095  				       258.205252273   			78.5701572732
       302			     179.635095  				       258.201762278   			78.5666672784
       303			     179.635095  				       258.198278914   			78.5631839144
       304			     179.635095  				       258.194802199   			78.559707199
       305			     179.635095  				       258.191332151   			78.5562371509
       306			     179.635095  				       258.187868783   			78.5527737826
       307			     179.635095  				       258.184412098   			78.5493170981
       308			     179.635095  				       258.180962091   			78.5458670913
       309			     179.635095  				       258.177518745   			78.542423745
       310			     179.635095  				       258.174082032   			78.5389870316
       311			     179.635095  				       258.170651913   			78.5355569133
       312			     179.635095  				       258.167228344   			78.532133344
       313			     179.635095  				       258.163811271   			78.5287162706
       314			     179.635095  				       258.160400635   			78.5253056345
       315			     179.635095  				       258.156996374   			78.5219013736
       316			     179.635095  				       258.153598423   			78.5185034232
       317			     179.635095  				       258.150206719   			78.5151117193
       318			     179.635095  				       258.146821194   			78.511726194
       319			     179.635095  				        258.14344178   			78.50834678
       320			     179.635095  				       258.140068412   			78.5049734125
       321			     179.635095  				       258.136701027   			78.5016060269
       322			     179.635095  				       258.133339558   			78.4982445584
       323			     179.635095  				       258.129983942   			78.494888942
       324			     179.635095  				       258.126634112   			78.4915391119
       325			     179.635095  				       258.123290001   			78.4881950013
       326			     179.635095  				       258.119951542   			78.484856542
       327			     179.635095  				       258.116618664   			78.481523664
       328			     179.635095  				       258.113291296   			78.4781962961
       329			     179.635095  				       258.109969366   			78.4748743656
       330			     179.635095  				         258.1066528   			78.4715577998
       331			     179.635095  				       258.103341526   			78.4682465261
       332			     179.635095  				       258.100035474   			78.4649404738
       333			     179.635095  				       258.096734575   			78.4616395746
       334			     179.635095  				       258.093438764   			78.4583437643
       335			     179.635095  				       258.090147982   			78.4550529825
       336			     179.635095  				       258.086862174   			78.451767174
       337			     179.635095  				       258.083581291   			78.4484862908
       338			     179.635095  				       258.080305286   			78.4452102864
       339			     179.635095  				       258.077034123   			78.4419391231
       340			     179.635095  				       258.073767767   			78.4386727665
       341			     179.635095  				       258.070506186   			78.4354111856
       342			     179.635095  				       258.067249352   			78.4321543516
       343			     179.635095  				       258.063997237   			78.4289022374
       344			     179.635095  				       258.060749816   			78.425654816
       345			     179.635095  				        258.05750706   			78.4224120596
       346			     179.635095  				       258.054268938   			78.4191739384
       347			     179.635095  				       258.051035421   			78.4159404206
       348			     179.635095  				       258.047806471   			78.4127114712
       349			     179.635095  				       258.044582052   			78.4094870521
       350			     179.635095  				       258.041362122   			78.4062671222
       351			     179.635095  				       258.038146637   			78.4030516368
       352			     179.635095  				       258.034935548   			78.3998405484
       353			     179.635095  				       258.031728808   			78.3966338076
       354			     179.635095  				       258.028526363   			78.393431363
       355			     179.635095  				       258.025328162   			78.3902331621
       356			     179.635095  				       258.022134152   			78.3870391525
       357			     179.635095  				        258.01894428   			78.3838492801
       358			     179.635095  				       258.015758493   			78.3806634929
       359			     179.635095  				        258.01257674   			78.3774817401
       360			     179.635095  				       258.009398973   			78.3743039725
       361			     179.635095  				       258.006225143   			78.371130143
       362			     179.635095  				       258.003055207   			78.3679602066
       363			     179.635095  				       257.999889121   			78.364794121
       364			     179.635095  				       257.996726847   			78.3616318466
       365			     179.635095  				       257.993568346   			78.3584733463
       366			     179.635095  				       257.990413585   			78.3553185855
       367			     179.635095  				       257.987262532   			78.352167532
       368			     179.635095  				       257.984115155   			78.3490201554
       369			     179.635095  				       257.980971428   			78.3458764276
       370			     179.635095  				       257.977831322   			78.3427363219
       371			     179.635095  				       257.974694813   			78.339599813
       372			     179.635095  				       257.971561876   			78.3364668763
       373			     179.635095  				       257.968432488   			78.3333374881
       374			     179.635095  				       257.965306625   			78.3302116251
       375			     179.635095  				       257.962184264   			78.3270892643
       376			     179.635095  				       257.959065383   			78.3239703828
       377			     179.635095  				       257.955949957   			78.3208549567
       378			     179.635095  				       257.952837963   			78.317742963
       379			     179.635095  				       257.949729378   			78.3146343784
       380			     179.635095  				       257.946624179   			78.311529179
       381			     179.635095  				       257.943522341   			78.3084273409
       382			     179.635095  				        257.94042384   			78.3053288404
       383			     179.635095  				       257.937328653   			78.3022336532
       384			     179.635095  				       257.934236755   			78.2991417554
       385			     179.635095  				       257.931148123   			78.2960531234
       386			     179.635095  				       257.928062734   			78.2929677336
       387			     179.635095  				       257.924980563   			78.2898855628
       388			     179.635095  				       257.921901588   			78.2868065885
       389			     179.635095  				       257.918825788   			78.2837307882
       390			     179.635095  				        257.91575314   			78.2806581403
       391			     179.635095  				       257.912683624   			78.2775886236
       392			     179.635095  				       257.909617217   			78.2745222175
       393			     179.635095  				       257.906553902   			78.271458902
       394			     179.635095  				       257.903493657   			78.2683986575
       395			     179.635095  				       257.900436465   			78.2653414653
       396			     179.635095  				       257.897382307   			78.2622873065
       397			     179.635095  				       257.894331163   			78.2592361631
       398			     179.635095  				       257.891283018   			78.2561880175
       399			     179.635095  				       257.888237852   			78.2531428524
       400			     179.635095  				       257.885195651   			78.2501006507
       401			     179.635095  				       257.882156396   			78.2470613957
       402			     179.635095  				       257.879120071   			78.2440250709
       403			     179.635095  				        257.87608666   			78.24099166
       404			     179.635095  				       257.873056147   			78.2379611469
       405			     179.635095  				       257.870028516   			78.2349335159
       406			     179.635095  				       257.867003751   			78.2319087512
       407			     179.635095  				       257.863981837   			78.2288868374
       408			     179.635095  				       257.860962759   			78.2258677593
       409			     179.635095  				       257.857946502   			78.2228515019
       410			     179.635095  				        257.85493305   			78.2198380504
       411			     179.635095  				        257.85192239   			78.2168273903
       412			     179.635095  				       257.848914507   			78.2138195075
       413			     179.635095  				       257.845909388   			78.2108143879
       414			     179.635095  				       257.842907018   			78.2078120181
       415			     179.635095  				       257.839907385   			78.2048123847
       416			     179.635095  				       257.836910474   			78.2018154744
       417			     179.635095  				       257.833916274   			78.1988212744
       418			     179.635095  				       257.830924772   			78.1958297725
       419			     179.635095  				       257.827935956   			78.1928409562
       420			     179.635095  				       257.824949814   			78.1898548138
       421			     179.635095  				       257.821966333   			78.1868713334
       422			     179.635095  				       257.818985504   			78.1838905036
       423			     179.635095  				       257.816007313   			78.1809123131
       424			     179.635095  				       257.813031751   			78.1779367508
       425			     179.635095  				       257.810058806   			78.1749638059
       426			     179.635095  				       257.807088468   			78.1719934677
       427			     179.635095  				       257.804120726   			78.1690257256
       428			     179.635095  				       257.801155569   			78.1660605692
       429			     179.635095  				       257.798192988   			78.1630979884
       430			     179.635095  				       257.795232973   			78.1601379728
       431			     179.635095  				       257.792275513   			78.1571805127
       432			     179.635095  				       257.789320598   			78.1542255981
       433			     179.635095  				       257.786368219   			78.1512732193
       434			     179.635095  				       257.783418367   			78.1483233668
       435			     179.635095  				       257.780471031   			78.1453760309
       436			     179.635095  				       257.777526202   			78.1424312025
       437			     179.635095  				       257.774583872   			78.1394888723
       438			     179.635095  				       257.771644031   			78.1365490312
       439			     179.635095  				        257.76870667   			78.1336116704
       440			     179.635095  				       257.765771781   			78.1306767811
       441			     179.635095  				       257.762839355   			78.1277443546
       442			     179.635095  				       257.759909383   			78.1248143825
       443			     179.635095  				       257.756981856   			78.1218868564
       444			     179.635095  				       257.754056768   			78.1189617681
       445			     179.635095  				        257.75113411   			78.1160391096
       446			     179.635095  				       257.748213873   			78.1131188728
       447			     179.635095  				        257.74529605   			78.11020105
       448			     179.635095  				       257.742380633   			78.1072856334
       449			     179.635095  				       257.739467615   			78.1043726153
       450			     179.635095  				       257.736556988   			78.1014619881
       451			     179.635095  				       257.733648744   			78.098553744
       452			     179.635095  				       257.730742875   			78.0956478754
       453			     179.635095  				       257.727839374   			78.092744374
       454			     179.635095  				       257.724938232   			78.0898432318
       455			     179.635095  				        257.72203944   			78.0869444402
       456			     179.635095  				        257.71914299   			78.0840479902
       457			     179.635095  				       257.716248873   			78.0811538726
       458			     179.635095  				       257.713357078   			78.0782620778
       459			     179.635095  				       257.710467596   			78.0753725958
       460			     179.635095  				       257.707580416   			78.0724854163
       461			     179.635095  				       257.704695529   			78.069600529
       462			     179.635095  				       257.701812923   			78.0667179232
       463			     179.635095  				       257.698932588   			78.0638375883
       464			     179.635095  				       257.696054514   			78.0609595137
       465			     179.635095  				       257.693178689   			78.0580836888
       466			     179.635095  				       257.690305104   			78.0552101035
       467			     179.635095  				       257.687433748   			78.0523387476
       468			     179.635095  				       257.684564611   			78.0494696113
       469			     179.635095  				       257.681697685   			78.0466026851
       470			     179.635095  				        257.67883296   			78.0437379598
       471			     179.635095  				       257.675970426   			78.0408754263
       472			     179.635095  				       257.673110076   			78.038015076
       473			     179.635095  				         257.6702519   			78.0351569002
       474			     179.635095  				       257.667395891   			78.0323008906
       475			     179.635095  				       257.664542039   			78.0294470388
       476			     179.635095  				       257.661690337   			78.0265953368
       477			     179.635095  				       257.658840776   			78.0237457763
       478			     179.635095  				       257.655993349   			78.0208983492
       479			     179.635095  				       257.653148047   			78.0180530475
       480			     179.635095  				       257.650304863   			78.0152098629
       481			     179.635095  				       257.647463787   			78.0123687873
       482			     179.635095  				       257.644624812   			78.0095298125
       483			     179.635095  				        257.64178793   			78.0066929302
       484			     179.635095  				       257.638953132   			78.0038581323
       485			     179.635095  				       257.636120411   			78.0010254106
       486			     179.635095  				       257.633289757   			77.998194757
       487			     179.635095  				       257.630461164   			77.9953661637
       488			     179.635095  				       257.627634623   			77.992539623
       489			     179.635095  				       257.624810128   			77.9897151276
       490			     179.635095  				       257.621987671   			77.9868926706
       491			     179.635095  				       257.619167246   			77.9840722458
       492			     179.635095  				       257.616348847   			77.9812538474
       493			     179.635095  				       257.613532471   			77.9784374706
       494			     179.635095  				       257.610718111   			77.9756231114
       495			     179.635095  				       257.607905767   			77.972810767
       496			     179.635095  				       257.605095435   			77.9700004354
       497			     179.635095  				       257.602287116   			77.9671921158
       498			     179.635095  				       257.599480809   			77.9643858086
       499			     179.635095  				       257.596676515   			77.9615815153
       500			     179.635095  				       257.593874238   			77.9587792382
       501			     179.635095  				       257.591073981   			77.9559789808
       502			     179.635095  				       257.588275747   			77.9531807469
       503			     179.635095  				       257.585479541   			77.9503845412
       504			     179.635095  				       257.582685368   			77.9475903684
       505			     179.635095  				       257.579893234   			77.9447982335
       506			     179.635095  				       257.577103141   			77.9420081412
       507			     179.635095  				       257.574315096   			77.9392200959
       508			     179.635095  				       257.571529102   			77.9364341015
       509			     179.635095  				       257.568745161   			77.9336501612
       510			     179.635095  				       257.565963277   			77.9308682775
       511			     179.635095  				       257.563183452   			77.928088452
       512			     179.635095  				       257.560405686   			77.9253106856
       513			     179.635095  				       257.557629978   			77.9225349784
       514			     179.635095  				        257.55485633   			77.9197613299
       515			     179.635095  				       257.552084739   			77.9169897392
       516			     179.635095  				       257.549315205   			77.9142202046
       517			     179.635095  				       257.546547725   			77.9114527247
       518			     179.635095  				       257.543782298   			77.9086872977
       519			     179.635095  				       257.541018922   			77.905923922
       520			     179.635095  				       257.538257596   			77.9031625961
       521			     179.635095  				       257.535498319   			77.9004033191
       522			     179.635095  				        257.53274109   			77.8976460902
       523			     179.635095  				       257.529985909   			77.8948909091
       524			     179.635095  				       257.527232776   			77.8921377763
       525			     179.635095  				       257.524481692   			77.8893866922
       526			     179.635095  				       257.521732658   			77.8866376581
       527			     179.635095  				       257.518985676   			77.8838906755
       528			     179.635095  				       257.516240746   			77.8811457461
       529			     179.635095  				       257.513497872   			77.878402872
       530			     179.635095  				       257.510757055   			77.8756620552
       531			     179.635095  				       257.508018298   			77.872923298
       532			     179.635095  				       257.505281603   			77.8701866025
       533			     179.635095  				       257.502546971   			77.8674519709
       534			     179.635095  				       257.499814405   			77.8647194051
       535			     179.635095  				       257.497083907   			77.8619889071
       536			     179.635095  				       257.494355478   			77.8592604784
       537			     179.635095  				       257.491629121   			77.8565341206
       538			     179.635095  				       257.488904835   			77.8538098349
       539			     179.635095  				       257.486182622   			77.8510876225
       540			     179.635095  				       257.483462484   			77.8483674841
       541			     179.635095  				       257.480744421   			77.8456494207
       542			     179.635095  				       257.478028433   			77.8429334328
       543			     179.635095  				       257.475314521   			77.8402195208
       544			     179.635095  				       257.472602685   			77.8375076852
       545			     179.635095  				       257.469892926   			77.834797926
       546			     179.635095  				       257.467185244   			77.8320902436
       547			     179.635095  				       257.464479638   			77.829384638
       548			     179.635095  				       257.461776109   			77.8266811091
       549			     179.635095  				       257.459074657   			77.823979657
       550			     179.635095  				       257.456375282   			77.8212802816
       551			     179.635095  				       257.453677983   			77.8185829826
       552			     179.635095  				        257.45098276   			77.81588776
       553			     179.635095  				       257.448289614   			77.8131946135
       554			     179.635095  				       257.445598543   			77.8105035429
       555			     179.635095  				       257.442909548   			77.807814548
       556			     179.635095  				       257.440222629   			77.8051276285
       557			     179.635095  				       257.437537785   			77.8024427846
       558			     179.635095  				       257.434855017   			77.7997600166
       559			     179.635095  				       257.432174326   			77.7970793259
       560			     179.635095  				       257.429495715   			77.7944007153
       561			     179.635095  				        257.42681919   			77.7917241897
       562			     179.635095  				       257.424144757   			77.7890497571
       563			     179.635095  				        257.42147243   			77.7863774296
       564			     179.635095  				       257.418802224   			77.7837072238
       565			     179.635095  				       257.416134161   			77.7810391614
       566			     179.635095  				       257.413468269   			77.7783732693
       567			     179.635095  				       257.410804579   			77.7757095786
       568			     179.635095  				       257.408143124   			77.7730481242
       569			     179.635095  				       257.405483943   			77.7703889428
       570			     179.635095  				       257.402827071   			77.7677320711
       571			     179.635095  				       257.400172545   			77.7650775447
       572			     179.635095  				       257.397520395   			77.7624253953
       573			     179.635095  				        257.39487065   			77.7597756498
       574			     179.635095  				       257.392223329   			77.7571283292
       575			     179.635095  				       257.389578448   			77.7544834477
       576			     179.635095  				       257.386936013   			77.7518410126
       577			     179.635095  				       257.384296025   			77.7492010249
       578			     179.635095  				        257.38165848   			77.7465634797
       579			     179.635095  				       257.379023367   			77.7439283672
       580			     179.635095  				       257.376390674   			77.7412956741
       581			     179.635095  				       257.373760385   			77.7386653849
       582			     179.635095  				       257.371132483   			77.7360374827
       583			     179.635095  				        257.36850695   			77.7334119505
       584			     179.635095  				       257.365883772   			77.7307887722
       585			     179.635095  				       257.363262933   			77.7281679334
       586			     179.635095  				       257.360644421   			77.7255494214
       587			     179.635095  				       257.358028226   			77.7229332262
       588			     179.635095  				        257.35541434   			77.72031934
       589			     179.635095  				       257.352802757   			77.7177077574
       590			     179.635095  				       257.350193475   			77.7150984752
       591			     179.635095  				       257.347586492   			77.7124914923
       592			     179.635095  				       257.344981809   			77.7098868088
       593			     179.635095  				       257.342379426   			77.7072844262
       594			     179.635095  				       257.339779347   			77.7046843467
       595			     179.635095  				       257.337181573   			77.7020865729
       596			     179.635095  				       257.334586108   			77.6994911077
       597			     179.635095  				       257.331992953   			77.6968979534
       598			     179.635095  				       257.329402112   			77.6943071123
       599			     179.635095  				       257.326813586   			77.6917185858
       600			     179.635095  				       257.324227375   			77.6891323746
       601			     179.635095  				       257.321643479   			77.6865484789
       602			     179.635095  				       257.319061898   			77.6839668979
       603			     179.635095  				        257.31648263   			77.6813876302
       604			     179.635095  				       257.313905674   			77.6788106736
       605			     179.635095  				       257.311331025   			77.6762360255
       606			     179.635095  				       257.308758683   			77.6736636827
       607			     179.635095  				       257.306188642   			77.6710936419
       608			     179.635095  				       257.303620899   			77.6685258992
       609			     179.635095  				       257.301055451   			77.6659604508
       610			     179.635095  				       257.298492293   			77.663397293
       611			     179.635095  				       257.295931422   			77.660836422
       612			     179.635095  				       257.293372834   			77.6582778341
       613			     179.635095  				       257.290816526   			77.655721526
       614			     179.635095  				       257.288262494   			77.6531674945
       615			     179.635095  				       257.285710737   			77.6506157367
       616			     179.635095  				        257.28316125   			77.6480662499
       617			     179.635095  				       257.280614032   			77.645519032
       618			     179.635095  				       257.278069081   			77.6429740807
       619			     179.635095  				       257.275526394   			77.6404313943
       620			     179.635095  				       257.272985971   			77.6378909711
       621			     179.635095  				        257.27044781   			77.6353528099
       622			     179.635095  				       257.267911909   			77.6328169094
       623			     179.635095  				       257.265378268   			77.6302832684
       624			     179.635095  				       257.262846886   			77.6277518861
       625			     179.635095  				       257.260317762   			77.6252227616
       626			     179.635095  				       257.257790894   			77.622695894
       627			     179.635095  				       257.255266282   			77.6201712825
       628			     179.635095  				       257.252743926   			77.6176489263
       629			     179.635095  				       257.250223825   			77.6151288245
       630			     179.635095  				       257.247705976   			77.6126109764
       631			     179.635095  				       257.245190381   			77.6100953809
       632			     179.635095  				       257.242677037   			77.6075820372
       633			     179.635095  				       257.240165944   			77.605070944
       634			     179.635095  				         257.2376571   			77.6025621004
       635			     179.635095  				       257.235150505   			77.6000555051
       636			     179.635095  				       257.232646157   			77.5975511568
       637			     179.635095  				       257.230144054   			77.595049054
       638			     179.635095  				       257.227644195   			77.5925491953
       639			     179.635095  				       257.225146579   			77.5900515791
       640			     179.635095  				       257.222651204   			77.5875562038
       641			     179.635095  				       257.220158068   			77.5850630675
       642			     179.635095  				       257.217667169   			77.5825721686
       643			     179.635095  				       257.215178505   			77.580083505
       644			     179.635095  				       257.212692075   			77.5775970749
       645			     179.635095  				       257.210207876   			77.5751128763
       646			     179.635095  				       257.207725907   			77.5726309072
       647			     179.635095  				       257.205246165   			77.5701511654
       648			     179.635095  				       257.202768649   			77.5676736489
       649			     179.635095  				       257.200293356   			77.5651983556
       650			     179.635095  				       257.197820283   			77.5627252834
       651			     179.635095  				        257.19534943   			77.5602544301
       652			     179.635095  				       257.192880794   			77.5577857936
       653			     179.635095  				       257.190414372   			77.5553193717
       654			     179.635095  				       257.187950163   			77.5528551625
       655			     179.635095  				       257.185488164   			77.5503931638
       656			     179.635095  				       257.183028373   			77.5479333735
       657			     179.635095  				        257.18057079   			77.5454757895
       658			     179.635095  				        257.17811541   			77.5430204099
       659			     179.635095  				       257.175662233   			77.5405672327
       660			     179.635095  				       257.173211256   			77.5381162557
       661			     179.635095  				       257.170762477   			77.5356674772
       662			     179.635095  				       257.168315895   			77.5332208951
       663			     179.635095  				       257.165871508   			77.5307765075
       664			     179.635095  				       257.163429313   			77.5283343125
       665			     179.635095  				       257.160989308   			77.5258943083
       666			     179.635095  				       257.158551493   			77.5234564928
       667			     179.635095  				       257.156115864   			77.5210208643
       668			     179.635095  				       257.153682421   			77.5185874209
       669			     179.635095  				       257.151251161   			77.5161561607
       670			     179.635095  				       257.148822082   			77.5137270819
       671			     179.635095  				       257.146395183   			77.5113001827
       672			     179.635095  				       257.143970461   			77.5088754612
       673			     179.635095  				       257.141547915   			77.5064529155
       674			     179.635095  				       257.139127544   			77.5040325438
       675			     179.635095  				       257.136709344   			77.5016143444
       676			     179.635095  				       257.134293315   			77.4991983153
       677			     179.635095  				       257.131879455   			77.4967844547
       678			     179.635095  				       257.129467761   			77.4943727607
       679			     179.635095  				       257.127058232   			77.4919632316
       680			     179.635095  				       257.124650866   			77.4895558656
       681			     179.635095  				       257.122245661   			77.4871506607
       682			     179.635095  				       257.119842615   			77.4847476151
       683			     179.635095  				       257.117441727   			77.482346727
       684			     179.635095  				       257.115042995   			77.4799479947
       685			     179.635095  				       257.112646416   			77.4775514161
       686			     179.635095  				        257.11025199   			77.4751569897
       687			     179.635095  				       257.107859713   			77.4727647134
       688			     179.635095  				       257.105469586   			77.4703745856
       689			     179.635095  				       257.103081604   			77.4679866044
       690			     179.635095  				       257.100695768   			77.4656007681
       691			     179.635095  				       257.098312075   			77.4632170748
       692			     179.635095  				       257.095930523   			77.4608355227
       693			     179.635095  				        257.09355111   			77.4584561101
       694			     179.635095  				       257.091173835   			77.4560788352
       695			     179.635095  				       257.088798696   			77.4537036962
       696			     179.635095  				       257.086425691   			77.4513306915
       697			     179.635095  				       257.084054819   			77.4489598192
       698			     179.635095  				       257.081686078   			77.4465910775
       699			     179.635095  				       257.079319465   			77.4442244649
       700			     179.635095  				       257.076954979   			77.4418599795
       701			     179.635095  				        257.07459262   			77.4394976195
       702			     179.635095  				       257.072232383   			77.4371373834
       703			     179.635095  				       257.069874269   			77.4347792694
       704			     179.635095  				       257.067518276   			77.4324232758
       705			     179.635095  				       257.065164401   			77.4300694008
       706			     179.635095  				       257.062812643   			77.4277176428
       707			     179.635095  				          257.060463   			77.4253680001
       708			     179.635095  				       257.058115471   			77.4230204711
       709			     179.635095  				       257.055770054   			77.420675054
       710			     179.635095  				       257.053426747   			77.4183317471
       711			     179.635095  				       257.051085549   			77.4159905488
       712			     179.635095  				       257.048746457   			77.4136514575
       713			     179.635095  				       257.046409471   			77.4113144714
       714			     179.635095  				       257.044074589   			77.408979589
       715			     179.635095  				       257.041741808   			77.4066468085
       716			     179.635095  				       257.039411128   			77.4043161283
       717			     179.635095  				       257.037082547   			77.4019875468
       718			     179.635095  				       257.034756062   			77.3996610623
       719			     179.635095  				       257.032431673   			77.3973366733
       720			     179.635095  				       257.030109378   			77.395014378
       721			     179.635095  				       257.027789175   			77.3926941749
       722			     179.635095  				       257.025471062   			77.3903760623
       723			     179.635095  				       257.023155039   			77.3880600386
       724			     179.635095  				       257.020841102   			77.3857461022
       725			     179.635095  				       257.018529251   			77.3834342515
       726			     179.635095  				       257.016219485   			77.3811244849
       727			     179.635095  				       257.013911801   			77.3788168008
       728			     179.635095  				       257.011606198   			77.3765111976
       729			     179.635095  				       257.009302674   			77.3742076737
       730			     179.635095  				       257.007001228   			77.3719062275
       731			     179.635095  				       257.004701858   			77.3696068575
       732			     179.635095  				       257.002404562   			77.3673095621
       733			     179.635095  				        257.00010934   			77.3650143396
       734			     179.635095  				       256.997816189   			77.3627211885
       735			     179.635095  				       256.995525107   			77.3604301073
       736			     179.635095  				       256.993236094   			77.3581410943
       737			     179.635095  				       256.990949148   			77.3558541481
       738			     179.635095  				       256.988664267   			77.353569267
       739			     179.635095  				        256.98638145   			77.3512864495
       740			     179.635095  				       256.984100694   			77.3490056941
       741			     179.635095  				       256.981821999   			77.3467269991
       742			     179.635095  				       256.979545363   			77.3444503631
       743			     179.635095  				       256.977270784   			77.3421757845
       744			     179.635095  				       256.974998262   			77.3399032616
       745			     179.635095  				       256.972727793   			77.3376327931
       746			     179.635095  				       256.970459377   			77.3353643774
       747			     179.635095  				       256.968193013   			77.3330980128
       748			     179.635095  				       256.965928698   			77.3308336979
       749			     179.635095  				       256.963666431   			77.3285714312
       750			     179.635095  				       256.961406211   			77.326311211
       751			     179.635095  				       256.959148036   			77.3240530359
       752			     179.635095  				       256.956891904   			77.3217969044
       753			     179.635095  				       256.954637815   			77.3195428148
       754			     179.635095  				       256.952385766   			77.3172907658
       755			     179.635095  				       256.950135756   			77.3150407557
       756			     179.635095  				       256.947887783   			77.312792783
       757			     179.635095  				       256.945641846   			77.3105468462
       758			     179.635095  				       256.943397944   			77.3083029437
       759			     179.635095  				       256.941156074   			77.3060610742
       760			     179.635095  				       256.938916236   			77.303821236
       761			     179.635095  				       256.936678428   			77.3015834276
       762			     179.635095  				       256.934442648   			77.2993476475
       763			     179.635095  				       256.932208894   			77.2971138942
       764			     179.635095  				       256.929977166   			77.2948821663
       765			     179.635095  				       256.927747462   			77.2926524621
       766			     179.635095  				        256.92551978   			77.2904247801
       767			     179.635095  				       256.923297675   			77.2882026753
       768			     179.635095  				       256.921090596   			77.2859955955
       769			     179.635095  				       256.918912377   			77.2838173766
       770			     179.635095  				       256.916777395   			77.2816823951
       771			     179.635095  				        256.91469689   			77.2796018899
       772			     179.635095  				       256.912676922   			77.2775819222
       773			     179.635095  				       256.910718153   			77.2756231534
       774			     179.635095  				       256.908816882   			77.2737218824
       775			     179.635095  				       256.906966624   			77.2718716239
       776			     179.635095  				       256.905159664   			77.2700646642
       777			     179.635095  				       256.903388288   			77.2682932877
       778			     179.635095  				       256.901645576   			77.266550576
       779			     179.635095  				       256.899925818   			77.2648308184
       780			     179.635095  				       256.898224631   			77.2631296311
       781			     179.635095  				       256.896538893   			77.2614438934
       782			     179.635095  				       256.894866588   			77.2597715884
       783			     179.635095  				       256.893206614   			77.2581116139
       784			     179.635095  				       256.891558596   			77.2564635963
       785			     179.635095  				       256.889922725   			77.2548277249
       786			     179.635095  				        256.88829961   			77.2532046102
       787			     179.635095  				       256.886690162   			77.2515951617
       788			     179.635095  				        256.88509548   			77.2500004805
       789			     179.635095  				       256.883516764   			77.2484217643
       790			     179.635095  				       256.881955222   			77.246860222
       791			     179.635095  				       256.880411999   			77.2453169993
       792			     179.635095  				       256.878888117   			77.2437931171
       793			     179.635095  				       256.877384425   			77.2422894246
       794			     179.635095  				        256.87590157   			77.2408065695
       795			     179.635095  				       256.874439984   			77.2393449844
       796			     179.635095  				        256.87299989   			77.2379048896
       797			     179.635095  				       256.871581309   			77.2364863092
       798			     179.635095  				       256.870184098   			77.2350890985
       799			     179.635095  				       256.868807977   			77.2337129773
       800			     179.635095  				       256.867452567   			77.2323575674
       801			     179.635095  				       256.866117429   			77.2310224293
       802			     179.635095  				       256.864802097   			77.229707097
       803			     179.635095  				       256.863506106   			77.2284111064
       804			     179.635095  				        256.86222902   			77.2271340198
       805			     179.635095  				       256.860970442   			77.2258754418
       806			     179.635095  				        256.85973003   			77.2246350299
       807			     179.635095  				       256.858507499   			77.2234124991
       808			     179.635095  				       256.857302621   			77.2222076211
       809			     179.635095  				        256.85611522   			77.2210202199
       810			     179.635095  				       256.854945165   			77.2198501647
       811			     179.635095  				       256.853792361   			77.2186973609
       812			     179.635095  				        256.85265674   			77.2175617401
       813			     179.635095  				       256.851538251   			77.2164432509
       814			     179.635095  				       256.850436849   			77.2153418492
       815			     179.635095  				       256.849352491   			77.2142574914
       816			     179.635095  				       256.848285127   			77.2131901268
       817			     179.635095  				       256.847234694   			77.2121396937
       818			     179.635095  				       256.846201115   			77.2111061154
       819			     179.635095  				       256.845184299   			77.2100892988
       820			     179.635095  				       256.844184134   			77.2090891335
       821			     179.635095  				       256.843200493   			77.2081054927
       822			     179.635095  				       256.842233234   			77.2071382339
       823			     179.635095  				       256.841282202   			77.2061872015
       824			     179.635095  				       256.840355069   			77.2052600689
       825			     179.635095  				       256.839450878   			77.2043558782
       826			     179.635095  				       256.838567215   			77.2034722152
       827			     179.635095  				       256.837703642   			77.2026086421
       828			     179.635095  				       256.836859731   			77.2017647306
       829			     161.564576  				       256.836037671   			95.2714616709
       830			     161.564576  				       256.835235122   			95.2706591222
       831			     161.564576  				       256.834445404   			95.2698694039
       832			     161.564576  				       256.833668399   			95.2690923986
       833			     161.564576  				       256.832903998   			95.2683279982
       834			     161.564576  				       256.832152102   			95.2675761018
       835			     161.564576  				       256.831412612   			95.2668366124
       836			     161.564576  				       256.830685435   			95.2661094348
       837			     161.564576  				       256.829970473   			95.2653944731
       838			     161.564576  				       256.829267629   			95.2646916286
       839			     161.564576  				       256.828576799   			95.2640007989
       840			     161.564576  				       256.827897876   			95.2633218764
       841			     161.564576  				       256.827230748   			95.2626547483
       842			     161.564576  				       256.826575296   			95.2619992957
       843			     161.564576  				       256.825931395   			95.2613553949
       844			     161.564576  				       256.825298917   			95.2607229169
       845			     161.564576  				       256.824677729   			95.2601017287
       846			     161.564576  				       256.824067694   			95.2594916938
       847			     161.564576  				       256.823468673   			95.2588926735
       848			     161.564576  				       256.822880527   			95.2583045271
       849			     161.564576  				       256.822303113   			95.2577271133
       850			     161.564576  				        256.82173629   			95.2571602904
       851			     161.564576  				       256.821179917   			95.256603917
       852			     161.564576  				       256.820633853   			95.2560578529
       853			     161.564576  				       256.820097958   			95.2555219585
       854			     161.564576  				       256.819572096   			95.2549960957
       855			     161.564576  				       256.819056128   			95.2544801278
       856			     161.564576  				       256.818549919   			95.2539739195
       857			     161.564576  				       256.818053337   			95.2534773366
       858			     161.564576  				       256.817566246   			95.2529902461
       859			     161.564576  				       256.817088516   			95.2525125162
       860			     161.564576  				       256.816620016   			95.2520440159
       861			     161.564576  				       256.816160615   			95.251584615
       862			     161.564576  				       256.815710184   			95.2511341836
       863			     161.564576  				       256.815268593   			95.2506925928
       864			     161.564576  				       256.814835714   			95.250259714
       865			     161.564576  				       256.814411419   			95.2498354187
       866			     161.564576  				       256.813995579   			95.2494195794
       867			     161.564576  				       256.813588069   			95.2490120686
       868			     161.564576  				       256.813188759   			95.2486127594
       869			     161.564576  				       256.812797525   			95.2482215255
       870			     161.564576  				       256.812414241   			95.2478382412
       871			     161.564576  				       256.812038781   			95.2474627815
       872			     161.564576  				       256.811671022   			95.2470950222
       873			     161.564576  				        256.81131084   			95.2467348399
       874			     161.564576  				       256.810958112   			95.2463821122
       875			     161.564576  				       256.810612718   			95.2460367178
       876			     161.564576  				       256.810274536   			95.2456985363
       877			     161.564576  				       256.809943449   			95.2453674486
       878			     161.564576  				       256.809619337   			95.2450433365
       879			     161.564576  				       256.809302083   			95.2447260833
       880			     161.564576  				       256.808991573   			95.2444155734
       881			     161.564576  				       256.808687692   			95.2441116922
       882			     161.564576  				       256.808390327   			95.2438143267
       883			     161.564576  				       256.808099365   			95.2435233649
       884			     161.564576  				       256.807814696   			95.2432386962
       885			     161.564576  				       256.807536211   			95.2429602109
       886			     161.564576  				       256.807263801   			95.242687801
       887			     161.564576  				       256.806997359   			95.2424213594
       888			     161.564576  				        256.80673678   			95.2421607804
       889			     161.564576  				       256.806481959   			95.2419059593
       890			     161.564576  				       256.806232793   			95.2416567928
       891			     161.564576  				       256.805989179   			95.2414131789
       892			     161.564576  				       256.805751017   			95.2411750166
       893			     161.564576  				       256.805518206   			95.2409422064
       894			     161.564576  				        256.80529065   			95.2407146497
       895			     161.564576  				       256.805068249   			95.2404922494
       896			     161.564576  				        256.80485091   			95.2402749097
       897			     161.564576  				       256.804638536   			95.2400625357
       898			     161.564576  				       256.804431034   			95.2398550341
       899			     161.564576  				       256.804228313   			95.2396523126
       900			     161.564576  				        256.80403028   			95.2394542804

No of iterations  = 900

Max-MAP(theta)		Min-L(delta)		Integrality gap
179.635095		256.80403028		77.1689352804

MAP Assignment {0: 0, 1: 1, 2: 0, 3: 0, 4: 0, 5: 2, 6: 8, 7: 0, 8: 1, 9: 1, 10: 0, 11: 0, 12: 0, 13: 6, 14: 0, 15: 0, 16: 0, 17: 1, 18: 0, 19: 3, 20: 0, 21: 15, 22: 5, 23: 0, 24: 1, 25: 2, 26: 0, 27: 0, 28: 0, 29: 4, 30: 1, 31: 0, 32: 1, 33: 0, 34: 0, 35: 11, 36: 3, 37: 0, 38: 0, 39: 0, 40: 0, 41: 2, 42: 3, 43: 3, 44: 0, 45: 0, 46: 1, 47: 0, 48: 3, 49: 12, 50: 0, 51: 0, 52: 0, 53: 3, 54: 0, 55: 0, 56: 3, 57: 0, 58: 0, 59: 0, 60: 0, 61: 0, 62: 3, 63: 0, 64: 3, 65: 0, 66: 5, 67: 1, 68: 2, 69: 2, 70: 0, 71: 1, 72: 12, 73: 4, 74: 1, 75: 0, 76: 2, 77: 0, 78: 1, 79: 0, 80: 0, 81: 0, 82: 0, 83: 0, 84: 4, 85: 0, 86: 0, 87: 0, 88: 0, 89: 7, 90: 0, 91: 1, 92: 0, 93: 0, 94: 0, 95: 3, 96: 7, 97: 0, 98: 0, 99: 0, 100: 1, 101: 0, 102: 0, 103: 0, 104: 2, 105: 0, 106: 0, 107: 0, 108: 0, 109: 0, 110: 4, 111: 0, 112: 1, 113: 1, 114: 0, 115: 3, 116: 1, 117: 0, 118: 0, 119: 2, 120: 0, 121: 30, 122: 11, 123: 0, 124: 0, 125: 0, 126: 0, 127: 0, 128: 0, 129: 0, 130: 0, 131: 1, 132: 2, 133: 4, 134: 0, 135: 0, 136: 3, 137: 0, 138: 0, 139: 0, 140: 0, 141: 1, 142: 1, 143: 1, 144: 1, 145: 0, 146: 0, 147: 0, 148: 0, 149: 0, 150: 0, 151: 0, 152: 4, 153: 0, 154: 3, 155: 0, 156: 0, 157: 0, 158: 1, 159: 0, 160: 0, 161: 0, 162: 0, 163: 0, 164: 0, 165: 2, 166: 0, 167: 0, 168: 1, 169: 5, 170: 0, 171: 0, 172: 0, 173: 1, 174: 3, 175: 0, 176: 1, 177: 0, 178: 4, 179: 0, 180: 2, 181: 0, 182: 1, 183: 0, 184: 0, 185: 2, 186: 1, 187: 0, 188: 0, 189: 0, 190: 7, 191: 4, 192: 6, 193: 0, 194: 0, 195: 3, 196: 1, 197: 2, 198: 3, 199: 0, 200: 0, 201: 0, 202: 0, 203: 0, 204: 0, 205: 0, 206: 2, 207: 0, 208: 0, 209: 6, 210: 1, 211: 0, 212: 30, 213: 3, 214: 0, 215: 0, 216: 1, 217: 0, 218: 0, 219: 0, 220: 1, 221: 0, 222: 0, 223: 16, 224: 0, 225: 2, 226: 0, 227: 1, 228: 0, 229: 0, 230: 0, 231: 12, 232: 0, 233: 2, 234: 1, 235: 0, 236: 4, 237: 0, 238: 35, 239: 0, 240: 8, 241: 3, 242: 0, 243: 0, 244: 0, 245: 6, 246: 0, 247: 0, 248: 0, 249: 1, 250: 0, 251: 6, 252: 0, 253: 0, 254: 0, 255: 0, 256: 0, 257: 0, 258: 0, 259: 5, 260: 2, 261: 0, 262: 0, 263: 0, 264: 0, 265: 1, 266: 0, 267: 0, 268: 0, 269: 13, 270: 5, 271: 1, 272: 0, 273: 0, 274: 2, 275: 0, 276: 2, 277: 0, 278: 0, 279: 0, 280: 0, 281: 0, 282: 1, 283: 0, 284: 0, 285: 0, 286: 0, 287: 0, 288: 2, 289: 0, 290: 0, 291: 2, 292: 4, 293: 0, 294: 1, 295: 2, 296: 0, 297: 34, 298: 0, 299: 1, 300: 0, 301: 2, 302: 0, 303: 0, 304: 0, 305: 0, 306: 1, 307: 3, 308: 0, 309: 0, 310: 0, 311: 1, 312: 0, 313: 0, 314: 2, 315: 0, 316: 0, 317: 0, 318: 3, 319: 0, 320: 0, 321: 0, 322: 12, 323: 0, 324: 1, 325: 0, 326: 0, 327: 5, 328: 2, 329: 0, 330: 0, 331: 1, 332: 0, 333: 1, 334: 0, 335: 8, 336: 4, 337: 0, 338: 2, 339: 0, 340: 0, 341: 0, 342: 0, 343: 0, 344: 0, 345: 0, 346: 0, 347: 0, 348: 0, 349: 0, 350: 0, 351: 2, 352: 0, 353: 0, 354: 0, 355: 0, 356: 0, 357: 0, 358: 1, 359: 0, 360: 0, 361: 0, 362: 0, 363: 2, 364: 0, 365: 0, 366: 1, 367: 0, 368: 0, 369: 0, 370: 0, 371: 0, 372: 0, 373: 0, 374: 0, 375: 0, 376: 0, 377: 0, 378: 0, 379: 3, 380: 0, 381: 0, 382: 3, 383: 0, 384: 0, 385: 0, 386: 27, 387: 7, 388: 0, 389: 0, 390: 20, 391: 2, 392: 0, 393: 0, 394: 0, 395: 0, 396: 1, 397: 0, 398: 0, 399: 0, 400: 0, 401: 0, 402: 0}