Iteration				Integer Solution(theta(x))			L(delta)			Integral Gap
         1			  -24216.019751  				       623.992282422   			24840.0120334
         2			  -22943.368207  				       577.432523752   			23520.8007308
         3			   -16462.75536  				       547.009641155   			17009.7650012
         4			   -14493.52178  				       528.137646635   			15021.6594266
         5			  -12625.978022  				       514.419427106   			13140.3974491
         6			  -13494.879393  				       502.535241109   			13997.4146341
         7			  -12428.940016  				       491.676393951   			12920.61641
         8			  -10471.423692  				       482.419142472   			10953.8428345
         9			   -7591.075593  				       474.653932177   			8065.72952518
        10			    -5184.80011  				       467.918453228   			5652.71856323
        11			    -4021.87084  				        462.36197998   			4484.23281998
        12			   -3610.336033  				       457.337952235   			4067.67398524
        13			   -3325.621287  				       452.470791501   			3778.0920785
        14			   -3454.586078  				       447.846461834   			3902.43253983
        15			   -2140.298035  				       443.518483616   			2583.81651862
        16			   -2118.914773  				       439.372130762   			2558.28690376
        17			   -2117.080799  				       435.388177162   			2552.46897616
        18			    -533.436952  				       431.633259412   			965.070211412
        19			    -714.435345  				       427.994845546   			1142.43019055
        20			    -265.269253  				       424.460271929   			689.729524929
        21			    -391.117254  				       421.170673761   			812.287927761
        22			    -387.944624  				        418.08994448   			806.03456848
        23			    -387.681554  				        415.05179725   			802.73335125
        24			    -387.372691  				       412.092521634   			799.465212634
        25			    -108.582189  				        409.29586537   			517.87805437
        26			     -109.53332  				       406.639606556   			516.172926556
        27			    -429.905651  				       404.031205723   			833.936856723
        28			    -429.905651  				       401.485220979   			831.390871979
        29			    -449.382155  				       398.883918832   			848.266073832
        30			    -448.012316  				        396.29605206   			844.30836806
        31			    -446.417486  				       393.703713675   			840.121199675
        32			      75.538547  				       391.228830897   			315.690283897
        33			      75.550095  				        388.78761633   			313.23752133
        34			      75.655666  				        386.48466638   			310.82900038
        35			      51.860254  				       384.352802565   			332.492548565
        36			     113.544648  				       382.360708675   			268.816060675
        37			     114.353749  				       380.469400359   			266.115651359
        38			     114.353749  				       378.663125739   			264.309376739
        39			     113.886733  				       376.951801285   			263.065068285
        40			     133.276145  				       375.306127324   			242.029982324
        41			     139.331157  				       373.787871728   			234.456714728
        42			     153.290725  				       372.356563833   			219.065838833
        43			      102.87489  				       370.996421773   			268.121531773
        44			      102.87489  				       369.660636323   			266.785746323
        45			     180.602772  				       368.309817992   			187.707045992
        46			     180.736944  				       366.910347258   			186.173403258
        47			     181.602456  				       365.491454493   			183.888998493
        48			     182.153405  				       364.049305722   			181.895900722
        49			     186.900795  				       362.622492482   			175.721697482
        50			     186.900795  				       361.401456021   			174.500661021
        51			     186.900795  				       360.480320134   			173.579525134
        52			     186.900795  				       359.603878724   			172.703083724
        53			     339.822171  				       358.792679549   			18.9705085495
        54			     339.822171  				       358.057920259   			18.2357492594
        55			     339.822171  				       357.387824932   			17.5656539319
        56			     339.898255  				        356.76681885   			16.8685638497
        57			     339.898255  				       356.173843233   			16.2755882333
        58			     339.898255  				       355.600278084   			15.7020230839
        59			     339.909803  				       355.040177397   			15.1303743971
        60			     339.909803  				       354.488228036   			14.5784250361
        61			     339.918999  				        353.94252476   			14.0235257602
        62			     339.918999  				       353.402896519   			13.4838975192
        63			     339.918999  				       352.864870075   			12.9458710754
        64			     339.918999  				       352.328643362   			12.4096443623
        65			     339.918999  				       351.793176423   			11.8741774233
        66			     339.918999  				       351.255057128   			11.3360581282
        67			     339.918999  				       350.712499171   			10.7935001713
        68			     339.918999  				       350.164616144   			10.2456171444
        69			     339.918999  				       349.611114558   			9.69211555754
        70			     339.918999  				       349.052393389   			9.13339438878
        71			     339.918999  				       348.489186805   			8.57018780534
        72			     339.918999  				       347.922262148   			8.00326314751
        73			     339.918999  				       347.353431932   			7.4344329324
        74			     339.918999  				       346.784866696   			6.8658676963
        75			     339.918999  				        346.21879406   			6.29979505996
        76			     339.898255  				       345.657147534   			5.7588925339
        77			     339.898255  				       345.101657771   			5.20340277135
        78			     339.898255  				       344.557858689   			4.65960368915
        79			     339.898255  				       344.230903098   			4.33264809761
        80			     339.898255  				       343.959625313   			4.06137031272
        81			     339.898255  				       343.724855982   			3.82660098164
        82			     339.909803  				       343.530734396   			3.62093139588
        83			     339.909803  				       343.337450407   			3.4276474067
        84			     339.909803  				       343.124751372   			3.21494837232
        85			     339.909803  				       342.894516329   			2.98471332909
        86			     339.909803  				       342.648061308   			2.73825830761
        87			     339.918999  				        342.38557178   			2.46657278023
        88			     339.918999  				       342.130727302   			2.21172830195
        89			     339.918999  				       341.890962006   			1.9719630063
        90			     339.918999  				       341.658420514   			1.73942151363
        91			     339.918999  				       341.434850657   			1.51585165749
        92			     339.918999  				       341.218750738   			1.2997517382
        93			     339.918999  				       341.009892288   			1.09089328786
        94			     323.319236  				       340.809148279   			17.4899122788
        95			     323.319236  				       340.618912636   			17.2996766363
        96			     323.319236  				       340.497303803   			17.1780678034
        97			     326.315965  				       340.437731975   			14.1217669747
        98			     339.822624  				       340.403370584   			0.580746583835
        99			     339.822624  				        340.37380874   			0.551184740496
       100			     339.822624  				       340.350214798   			0.527590798255
       101			     339.822624  				        340.33122564   			0.50860164008
       102			     339.822624  				       340.314432058   			0.49180805841
       103			     339.822624  				       340.297440575   			0.474816575326
       104			     340.010105  				       340.279774846   			0.269669846465
       105			     340.010105  				       340.265073946   			0.254968946406
       106			     340.010105  				       340.250349045   			0.240244045245
       107			     340.010105  				       340.236213541   			0.226108541418
       108			     340.010105  				       340.224301323   			0.214196323327
       109			     340.010105  				       340.213136516   			0.203031516074
       110			     340.010105  				       340.202680616   			0.192575615932
       111			      340.10648  				       340.196717512   			0.0902375118305
       112			      340.10648  				       340.188486985   			0.0820069847749
       113			      340.10648  				       340.180497265   			0.0740172645376
       114			      340.10648  				       340.173036025   			0.0665560250899
       115			      340.10648  				       340.165997424   			0.0595174236985
       116			      340.10648  				       340.159446705   			0.0529667046267
       117			      340.10648  				       340.153346584   			0.0468665836215
       118			      340.10648  				        340.14765174   			0.0411717396021
       119			      340.10648  				       340.142753869   			0.036273868594
       120			      340.10648  				       340.138130167   			0.031650167421
       121			      340.10648  				       340.133772317   			0.027292317338
       122			      340.10648  				        340.12967112   			0.0231911197248
       123			      340.10648  				       340.125835948   			0.0193559477338
       124			      340.10648  				       340.122628363   			0.0161483625715
       125			      340.10648  				       340.119609016   			0.0131290162578
       126			     340.010105  				       340.117104302   			0.106999302132
       127			     340.010105  				       340.115189886   			0.105084885668
       128			     340.010105  				       340.112839198   			0.102734198358
       129			     340.010105  				       340.111006084   			0.100901084366
       130			     340.010105  				       340.109285806   			0.0991808057553
       131			      340.10648  				       340.107811782   			0.00133178162633
       132			      340.10648  				       340.107513396   			0.0010333962145
       133			      340.10648  				       340.106725145   			0.000245144976418
       134			      340.10648  				       340.106491637   			1.16365025065e-05
       135			      340.10648  				        340.10649086   			1.08597344024e-05

No of iterations  = 135

Max-MAP(theta)		Min-L(delta)		Integrality gap
340.10648		340.10649086		1.08597344024e-05
Iteration at which you find MAX(Theta) 111
MAP Assignment {0: 1, 1: 0, 2: 0, 3: 0, 4: 0, 5: 0, 6: 0, 7: 0, 8: 0, 9: 0, 10: 0, 11: 1, 12: 2, 13: 1, 14: 0, 15: 2, 16: 0, 17: 0, 18: 2, 19: 6, 20: 0, 21: 0, 22: 0, 23: 2, 24: 0, 25: 10, 26: 0, 27: 0, 28: 0, 29: 0, 30: 0, 31: 0, 32: 4, 33: 0, 34: 0, 35: 0, 36: 0, 37: 0, 38: 5, 39: 1, 40: 2, 41: 0, 42: 0, 43: 0, 44: 0, 45: 2, 46: 0, 47: 0, 48: 0, 49: 0, 50: 2, 51: 0, 52: 0, 53: 2, 54: 0, 55: 0, 56: 0, 57: 0, 58: 2, 59: 3, 60: 0, 61: 1, 62: 1, 63: 0, 64: 0, 65: 1, 66: 0, 67: 4, 68: 0, 69: 0, 70: 1, 71: 0, 72: 0, 73: 0, 74: 0, 75: 0, 76: 4, 77: 0, 78: 7, 79: 0, 80: 0, 81: 2, 82: 0, 83: 0, 84: 0, 85: 0, 86: 4, 87: 0, 88: 3, 89: 31, 90: 15, 91: 0, 92: 5, 93: 0, 94: 0, 95: 0, 96: 0, 97: 0, 98: 3, 99: 5, 100: 0, 101: 0, 102: 4, 103: 0, 104: 1, 105: 0, 106: 0, 107: 0, 108: 0, 109: 2, 110: 0, 111: 0, 112: 0, 113: 0, 114: 2, 115: 0, 116: 0, 117: 0, 118: 2, 119: 0, 120: 0, 121: 0, 122: 0, 123: 0, 124: 1, 125: 0, 126: 0, 127: 1, 128: 1, 129: 3, 130: 0, 131: 2, 132: 0, 133: 0, 134: 4, 135: 3, 136: 0, 137: 0, 138: 0, 139: 3, 140: 1, 141: 0, 142: 1, 143: 0, 144: 0, 145: 4, 146: 4, 147: 0, 148: 0, 149: 0, 150: 0, 151: 0, 152: 0, 153: 2, 154: 1, 155: 0, 156: 0, 157: 0, 158: 2, 159: 0, 160: 0, 161: 0, 162: 0, 163: 3, 164: 1, 165: 10, 166: 0, 167: 0, 168: 0, 169: 2, 170: 0, 171: 0, 172: 12, 173: 1, 174: 0, 175: 0, 176: 0, 177: 0, 178: 0, 179: 0, 180: 0, 181: 1, 182: 1, 183: 2, 184: 0, 185: 0, 186: 3, 187: 0, 188: 13, 189: 3, 190: 0, 191: 4, 192: 2, 193: 0, 194: 0, 195: 0, 196: 0, 197: 0, 198: 0, 199: 0, 200: 0, 201: 1, 202: 0, 203: 0, 204: 0, 205: 3, 206: 0, 207: 2, 208: 0, 209: 7, 210: 0, 211: 0, 212: 0, 213: 0, 214: 0, 215: 0, 216: 2, 217: 0, 218: 0, 219: 0, 220: 0, 221: 2, 222: 0, 223: 0, 224: 0, 225: 1, 226: 0, 227: 0, 228: 1, 229: 0, 230: 0, 231: 0, 232: 1, 233: 0, 234: 2, 235: 0, 236: 1, 237: 6, 238: 1, 239: 0, 240: 0, 241: 0, 242: 32, 243: 0, 244: 0, 245: 3, 246: 1, 247: 0, 248: 3, 249: 1, 250: 0, 251: 0, 252: 5, 253: 0, 254: 0, 255: 0, 256: 0, 257: 0, 258: 0, 259: 0, 260: 3, 261: 0, 262: 0, 263: 0, 264: 0, 265: 0, 266: 0, 267: 0, 268: 0, 269: 1, 270: 0}