Iteration				Integer Solution(theta(x))			L(delta)			Integral Gap
         1			           -inf  				      -420.889356708   			inf
         2			           -inf  				      -424.147758325   			inf
         3			           -inf  				      -425.255855191   			inf
         4			           -inf  				      -425.820093921   			inf
         5			           -inf  				      -426.195191636   			inf
         6			           -inf  				      -426.483074389   			inf
         7			           -inf  				      -426.751214698   			inf
         8			           -inf  				      -427.036068197   			inf
         9			           -inf  				      -427.361079601   			inf
        10			 -432.927813235  				      -427.703152167   			5.2246610679
        11			 -432.927813235  				      -428.052427917   			4.87538531746
        12			 -432.927813235  				      -428.392780033   			4.53503320231
        13			 -432.927813235  				      -428.731049053   			4.1967641822
        14			 -432.927813235  				      -429.053430732   			3.87438250293
        15			 -430.914389802  				      -429.347396825   			1.56699297664
        16			 -430.914389802  				      -429.625112308   			1.28927749395
        17			 -430.914389802  				      -429.872206967   			1.04218283476
        18			 -430.914389802  				      -430.085994974   			0.82839482795
        19			 -430.914389802  				      -430.211950685   			0.702439116968
        20			 -430.914389802  				      -430.251410316   			0.662979485417
        21			 -431.944929891  				      -430.308773978   			1.63615591305
        22			 -431.944929891  				      -430.362988421   			1.58194147021
        23			 -431.961598397  				      -430.414392992   			1.54720540553
        24			 -431.961598397  				      -430.470733323   			1.4908650743
        25			 -431.961598397  				      -430.529802308   			1.43179608924
        26			 -431.961598397  				      -430.586558109   			1.37504028813
        27			 -431.961598397  				      -430.635584448   			1.32601394898
        28			 -431.961598397  				      -430.678878729   			1.28271966888
        29			 -431.961598397  				      -430.714616463   			1.2469819341
        30			 -433.357129193  				      -430.741596904   			2.6155322895
        31			 -433.357129193  				      -430.760116807   			2.59701238635
        32			 -433.357129193  				      -430.775584857   			2.58154433667
        33			           -inf  				      -430.784551303   			inf
        34			           -inf  				      -430.789852995   			inf
        35			 -433.357129193  				      -430.795551175   			2.56157801781
        36			 -433.357129193  				       -430.80174328   			2.55538591302
        37			 -433.357129193  				      -430.809338851   			2.54779034252
        38			 -433.357129193  				      -430.817808105   			2.53932108793
        39			 -433.357129193  				         -430.826683   			2.53044619288
        40			 -433.357129193  				      -430.835585563   			2.52154363065
        41			 -433.357129193  				      -430.844239292   			2.51288990095
        42			 -433.357129193  				      -430.852466103   			2.50466309028
        43			 -433.357129193  				       -430.86017282   			2.49695637354
        44			 -433.357129193  				      -430.867331751   			2.48979744238
        45			 -433.357129193  				      -430.873959496   			2.48316969697
        46			 -433.357129193  				      -430.880097265   			2.47703192832
        47			 -433.357129193  				      -430.885794848   			2.47133434478
        48			 -433.357129193  				       -430.89109928   			2.46602991328
        49			 -433.357129193  				      -430.896048266   			2.4610809277
        50			           -inf  				      -430.900255626   			inf
        51			           -inf  				      -430.902421304   			inf
        52			           -inf  				      -430.904393461   			inf
        53			           -inf  				      -430.906234002   			inf
        54			           -inf  				      -430.907935805   			inf
        55			           -inf  				      -430.909487233   			inf
        56			           -inf  				      -430.910871492   			inf
        57			           -inf  				      -430.912068274   			inf
        58			 -430.914389802  				        -430.9128468   			0.0015430020681
        59			 -430.914389802  				      -430.913557754   			0.000832047715448
        60			 -430.914389802  				      -430.914085069   			0.000304732651443
        61			 -430.914389802  				      -430.914361902   			2.78994997416e-05
        62			 -430.914389802  				      -430.914389802   			-8.52651282912e-13

No of iterations  = 62

Max-MAP(theta)		Min-L(delta)		Integrality gap
-430.914389802		-430.914389802		-8.52651282912e-13

 
MAP Assignment - Objects found : 
cupboard
dishwasher
floor
refrigerator
stove
wall
