Iteration				Integer Solution(theta(x))			L(delta)			Integral Gap
         1			           -inf  				      -586.131333184   			inf
         2			           -inf  				      -587.698689453   			inf
         3			 -607.022849546  				      -588.542554109   			18.4802954368
         4			 -607.022849546  				      -589.076641029   			17.9462085161
         5			 -600.242300463  				      -589.468823229   			10.7734772345
         6			 -600.242300463  				      -589.833939748   			10.4083607149
         7			 -601.690941435  				      -590.236161635   			11.4547798008
         8			           -inf  				       -590.63434391   			inf
         9			           -inf  				      -590.962681313   			inf
        10			           -inf  				      -591.230033966   			inf
        11			           -inf  				      -591.425293438   			inf
        12			           -inf  				      -591.588474022   			inf
        13			 -595.329645419  				      -591.741259549   			3.58838586977
        14			 -595.329645419  				       -591.88916519   			3.44048022844
        15			 -595.329645419  				      -592.046163147   			3.28348227162
        16			 -595.329645419  				      -592.208697354   			3.12094806521
        17			 -595.329645419  				      -592.372059544   			2.95758587516
        18			 -595.329645419  				      -592.527256938   			2.80238848026
        19			           -inf  				      -592.671770395   			inf
        20			           -inf  				       -592.80592906   			inf
        21			 -596.256644773  				      -592.928886348   			3.32775842492
        22			 -596.256644773  				      -593.042599941   			3.21404483204
        23			 -596.256644773  				      -593.149753485   			3.10689128798
        24			 -596.256644773  				      -593.251982332   			3.00466244123
        25			 -596.256644773  				      -593.348960418   			2.90768435565
        26			 -596.256644773  				      -593.440153376   			2.81649139739
        27			 -596.256644773  				      -593.524855871   			2.73178890277
        28			 -596.256644773  				      -593.602918032   			2.65372674154
        29			 -596.256644773  				      -593.674104602   			2.5825401714
        30			 -596.256644773  				      -593.738355767   			2.51828900607
        31			 -596.256644773  				      -593.795795826   			2.46084894752
        32			 -594.844445615  				      -593.845980198   			0.998465416692
        33			 -594.844445615  				      -593.891497831   			0.952947783775
        34			 -594.844445615  				      -593.933625832   			0.910819783605
        35			 -594.844445615  				      -593.971745703   			0.872699911748
        36			 -594.844445615  				      -594.006209948   			0.838235667176
        37			 -594.844445615  				       -594.03742453   			0.807021084826
        38			 -594.844445615  				      -594.066906912   			0.77753870279
        39			 -594.844445615  				       -594.09476678   			0.749678834714
        40			 -594.844445615  				      -594.121099313   			0.723346302105
        41			 -594.844445615  				      -594.145988131   			0.698457483952
        42			 -594.844445615  				      -594.169508397   			0.674937217677
        43			 -594.844445615  				      -594.191729547   			0.652716067839
        44			 -594.844445615  				      -594.212717354   			0.631728261006
        45			 -594.844445615  				      -594.232535238   			0.611910377526
        46			 -594.844445615  				      -594.251244884   			0.593200731515
        47			 -594.844445615  				       -594.26890634   			0.575539274769
        48			 -601.228170675  				      -594.285251551   			6.94291912353
        49			 -601.807454518  				      -594.299485607   			7.50796891083
        50			 -601.807454518  				      -594.311726172   			7.49572834588
        51			 -601.807454518  				      -594.322084795   			7.48536972326
        52			 -601.807454518  				       -594.33066707   			7.47678744822
        53			 -601.807454518  				        -594.3375005   			7.46995401745
        54			 -601.807454518  				      -594.342743233   			7.46471128436
        55			 -599.837363978  				      -594.345926116   			5.49143786244
        56			 -599.837363978  				      -594.348186317   			5.48917766153
        57			 -599.837363978  				      -594.349720045   			5.48764393321
        58			 -594.350116738  				      -594.350116738   			1.13686837722e-13
        59			 -594.350116738  				      -594.350116738   			-6.8212102633e-13

No of iterations  = 59

Max-MAP(theta)		Min-L(delta)		Integrality gap
-594.350116738		-594.350116738		-6.8212102633e-13

 
MAP Assignment - Objects found : 
floor
wall
